<?xml version="1.0" encoding="UTF-8"?>
<testsuite name="TestRangeTo" tests="3" skipped="0" failures="0" errors="0" timestamp="2021-08-15T14:42:18" hostname="DESKTOP-REBC0GD" time="0.009">
  <properties/>
  <testcase name="testAfter" classname="TestRangeTo" time="0.007"/>
  <testcase name="testBefore" classname="TestRangeTo" time="0.001"/>
  <testcase name="testInRange" classname="TestRangeTo" time="0.0"/>
  <system-out><![CDATA[]]></system-out>
  <system-err><![CDATA[]]></system-err>
</testsuite>
