<?xml version="1.0" encoding="UTF-8"?>
<testsuite name="TestDelegatesExamples" tests="2" skipped="0" failures="0" errors="0" timestamp="2021-08-16T03:24:08" hostname="DESKTOP-REBC0GD" time="0.029">
  <properties/>
  <testcase name="testLazy" classname="TestDelegatesExamples" time="0.025"/>
  <testcase name="initializedOnce" classname="TestDelegatesExamples" time="0.004"/>
  <system-out><![CDATA[]]></system-out>
  <system-err><![CDATA[]]></system-err>
</testsuite>
