<?xml version="1.0" encoding="UTF-8"?>
<testsuite name="TestSealedClasses" tests="3" skipped="0" failures="0" errors="0" timestamp="2021-08-10T18:05:54" hostname="DESKTOP-REBC0GD" time="0.032">
  <properties/>
  <testcase name="testNum" classname="TestSealedClasses" time="0.012"/>
  <testcase name="testSum" classname="TestSealedClasses" time="0.015"/>
  <testcase name="testRecursion" classname="TestSealedClasses" time="0.004"/>
  <system-out><![CDATA[]]></system-out>
  <system-err><![CDATA[]]></system-err>
</testsuite>
