<?xml version="1.0" encoding="UTF-8"?>
<testsuite name="TestNamedArguments" tests="1" skipped="0" failures="0" errors="0" timestamp="2021-08-06T03:53:34" hostname="DESKTOP-REBC0GD" time="0.036">
  <properties/>
  <testcase name="testJoinToString" classname="TestNamedArguments" time="0.036"/>
  <system-out><![CDATA[]]></system-out>
  <system-err><![CDATA[]]></system-err>
</testsuite>
