<?xml version="1.0" encoding="UTF-8"?>
<testsuite name="TestDataClasses" tests="2" skipped="0" failures="0" errors="0" timestamp="2021-08-10T03:26:33" hostname="DESKTOP-REBC0GD" time="0.039">
  <properties/>
  <testcase name="testComparePeople" classname="TestDataClasses" time="0.009"/>
  <testcase name="testListOfPeople" classname="TestDataClasses" time="0.03"/>
  <system-out><![CDATA[]]></system-out>
  <system-err><![CDATA[]]></system-err>
</testsuite>
