<?xml version="1.0" encoding="UTF-8"?>
<testsuite name="TestComparison" tests="2" skipped="0" failures="0" errors="0" timestamp="2021-08-15T13:48:38" hostname="DESKTOP-REBC0GD" time="0.009">
  <properties/>
  <testcase name="testAfter" classname="TestComparison" time="0.008"/>
  <testcase name="testBefore" classname="TestComparison" time="0.001"/>
  <system-out><![CDATA[]]></system-out>
  <system-err><![CDATA[]]></system-err>
</testsuite>
