<?xml version="1.0" encoding="UTF-8"?>
<testsuite name="TestForLoop" tests="2" skipped="0" failures="0" errors="0" timestamp="2021-08-15T18:49:22" hostname="DESKTOP-REBC0GD" time="0.024">
  <properties/>
  <testcase name="testIterateOverDateRange" classname="TestForLoop" time="0.021"/>
  <testcase name="testIterateOverEmptyRange" classname="TestForLoop" time="0.002"/>
  <system-out><![CDATA[]]></system-out>
  <system-err><![CDATA[]]></system-err>
</testsuite>
